[35m[Appium][39m Welcome to Appium v1.22.0
[35m[Appium][39m Non-default server args:
[35m[Appium][39m   port: 58068
[35m[Appium][39m   loglevel: info
[35m[Appium][39m   tmpDir: C:\Users\User\AppData\Local\Temp\\Katalon\Appium\Temp1693380626923
[35m[Appium][39m   chromedriverPort: 58070
[35m[Appium][39m Deprecated server args:
[35m[Appium][39m   [31m--chromedriver-port[39m => --default-capabilities
[35m[Appium][39m Default capabilities, which will be added to each request unless overridden by desired capabilities:
[35m[Appium][39m   chromedriverPort: 58070
[35m[Appium][39m Appium REST http interface listener started on 0.0.0.0:58068
[35m[HTTP][39m [37m-->[39m [37mGET[39m [37m/wd/hub/status[39m
[35m[HTTP][39m [90m{}[39m
[35m[HTTP][39m [37m<-- GET /wd/hub/status [39m[32m200[39m [90m5 ms - 68[39m
[35m[HTTP][39m [90m[39m
[35m[HTTP][39m [37m-->[39m [37mGET[39m [37m/wd/hub/status[39m
[35m[HTTP][39m [90m{}[39m
[35m[HTTP][39m [37m<-- GET /wd/hub/status [39m[32m200[39m [90m1 ms - 68[39m
[35m[HTTP][39m [90m[39m
[35m[HTTP][39m [37m-->[39m [37mPOST[39m [37m/wd/hub/session[39m
[35m[HTTP][39m [90m{"desiredCapabilities":{"appActivity":".Settings","appPackage":"com.android.settings","newCommandTimeout":1800,"platformVersion":"12","automationName":"uiautomator2","autoGrantPermissions":true,"platformName":"Android","udid":"aihykrce5lrgzhxg","deviceName":"Xiaomi M2103K19PG (Android 12)","platform":"ANDROID","systemPort":8243},"capabilities":{"firstMatch":[{"appium:appActivity":".Settings","appium:appPackage":"com.android.settings","appium:autoGrantPermissions":true,"appium:automationName":"uiautomator2","appium:deviceName":"Xiaomi M2103K19PG (Android 12)","appium:newCommandTimeout":1800,"platform":"ANDROID","platformName":"android","appium:platformVersion":"12","appium:systemPort":8243,"appium:udid":"aihykrce5lrgzhxg"}]}}[39m
[35m[BaseDriver][39m The following capabilities are not standard capabilities and should have an extension prefix:
[35m[BaseDriver][39m   platform
[35m[BaseDriver][39m   chromedriverPort
[35m[Appium][39m Appium v1.22.0 creating new AndroidUiautomator2Driver (v1.69.0) session
[35m[BaseDriver][39m The following capabilities were provided, but are not recognized by Appium:
[35m[BaseDriver][39m   platform
[35m[BaseDriver][39m Session created with session id: ab456416-0c23-4cb7-91d7-d819957d7c25
[35m[UiAutomator2][39m Starting 'com.android.settings' directly on the device
[35m[ADB][39m Found 1 'build-tools' folders under 'C:\Users\User\.katalon\tools\android_sdk' (newest first):
[35m[ADB][39m     C:/Users/User/.katalon/tools/android_sdk/build-tools/29.0.3
[35m[ADB][39m Using 'adb.exe' from 'C:\Users\User\.katalon\tools\android_sdk\platform-tools\adb.exe'
[35m[AndroidDriver][39m Retrieving device list
[35m[AndroidDriver][39m Using device: aihykrce5lrgzhxg
[35m[ADB][39m Using 'adb.exe' from 'C:\Users\User\.katalon\tools\android_sdk\platform-tools\adb.exe'
[35m[ADB][39m Getting device platform version
[35m[UiAutomator2][39m Relaxing hidden api policy
[35m[AndroidDriver][39m No app sent in, not parsing package/activity
[35m[ADB][39m Using 'apksigner.jar' from 'C:\Users\User\.katalon\tools\android_sdk\build-tools\29.0.3\lib\apksigner.jar'
[35m[ADB][39m 'C:\Users\User\AppData\Roaming\npm\node_modules\appium\node_modules\appium-uiautomator2-server\apks\appium-uiautomator2-server-v4.24.0.apk' is signed with the default certificate
[35m[ADB][39m 'C:\Users\User\AppData\Roaming\npm\node_modules\appium\node_modules\appium-uiautomator2-server\apks\appium-uiautomator2-server-debug-androidTest.apk' is signed with the default certificate
[35m[UiAutomator2][39m Server packages are not going to be (re)installed
[35m[ADB][39m Adding packages ["io.appium.settings","io.appium.uiautomator2.server","io.appium.uiautomator2.server.test"] to Doze whitelist
[35m[UiAutomator2][39m Starting UIAutomator2 server 4.24.0
[35m[UiAutomator2][39m Using UIAutomator2 server from 'C:\Users\User\AppData\Roaming\npm\node_modules\appium\node_modules\appium-uiautomator2-server\apks\appium-uiautomator2-server-v4.24.0.apk' and test from 'C:\Users\User\AppData\Roaming\npm\node_modules\appium\node_modules\appium-uiautomator2-server\apks\appium-uiautomator2-server-debug-androidTest.apk'
[35m[UiAutomator2][39m Waiting up to 30000ms for UiAutomator2 to be online...
[35m[WD Proxy][39m socket hang up
[35m[WD Proxy][39m socket hang up
[35m[WD Proxy][39m socket hang up
[35m[WD Proxy][39m socket hang up
[35m[WD Proxy][39m socket hang up
[35m[WD Proxy][39m socket hang up
[35m[WD Proxy][39m socket hang up
[35m[WD Proxy][39m Determined the downstream protocol as 'W3C'
[35m[AndroidDriver][39m Screen already unlocked, doing nothing
[35m[UiAutomator2][39m Starting 'com.android.settings/.Settings and waiting for 'com.android.settings/.Settings'
[35m[Appium][39m New AndroidUiautomator2Driver session created successfully, session ab456416-0c23-4cb7-91d7-d819957d7c25 added to master session list
[35m[HTTP][39m [37m<-- POST /wd/hub/session [39m[32m200[39m [90m13919 ms - 1181[39m
[35m[HTTP][39m [90m[39m
[35m[HTTP][39m [37m-->[39m [37mGET[39m [37m/wd/hub/session/ab456416-0c23-4cb7-91d7-d819957d7c25[39m
[35m[HTTP][39m [90m{}[39m
[35m[HTTP][39m [37m<-- GET /wd/hub/session/ab456416-0c23-4cb7-91d7-d819957d7c25 [39m[32m200[39m [90m45 ms - 1135[39m
[35m[HTTP][39m [90m[39m
[35m[HTTP][39m [37m-->[39m [37mGET[39m [37m/wd/hub/session/ab456416-0c23-4cb7-91d7-d819957d7c25[39m
[35m[HTTP][39m [90m{}[39m
[35m[HTTP][39m [37m<-- GET /wd/hub/session/ab456416-0c23-4cb7-91d7-d819957d7c25 [39m[32m200[39m [90m12 ms - 1135[39m
[35m[HTTP][39m [90m[39m
[35m[HTTP][39m [37m-->[39m [37mGET[39m [37m/wd/hub/status[39m
[35m[HTTP][39m [90m{}[39m
[35m[HTTP][39m [37m<-- GET /wd/hub/status [39m[32m200[39m [90m1 ms - 68[39m
[35m[HTTP][39m [90m[39m
[35m[HTTP][39m [37m-->[39m [37mPOST[39m [37m/wd/hub/session/ab456416-0c23-4cb7-91d7-d819957d7c25/timeouts[39m
[35m[HTTP][39m [90m{"implicit":60000}[39m
[35m[HTTP][39m [37m<-- POST /wd/hub/session/ab456416-0c23-4cb7-91d7-d819957d7c25/timeouts [39m[32m200[39m [90m4 ms - 14[39m
[35m[HTTP][39m [90m[39m
[35m[HTTP][39m [37m-->[39m [37mGET[39m [37m/wd/hub/session/ab456416-0c23-4cb7-91d7-d819957d7c25/screenshot[39m
[35m[HTTP][39m [90m{}[39m
[35m[HTTP][39m [37m<-- GET /wd/hub/session/ab456416-0c23-4cb7-91d7-d819957d7c25/screenshot [39m[32m200[39m [90m793 ms - 200284[39m
[35m[HTTP][39m [90m[39m
[35m[HTTP][39m [37m-->[39m [37mGET[39m [37m/wd/hub/session/ab456416-0c23-4cb7-91d7-d819957d7c25/window/rect[39m
[35m[HTTP][39m [90m{}[39m
[35m[HTTP][39m [37m<-- GET /wd/hub/session/ab456416-0c23-4cb7-91d7-d819957d7c25/window/rect [39m[32m200[39m [90m30 ms - 50[39m
[35m[HTTP][39m [90m[39m
[35m[HTTP][39m [37m-->[39m [37mGET[39m [37m/wd/hub/session/ab456416-0c23-4cb7-91d7-d819957d7c25/appium/device/system_bars[39m
[35m[HTTP][39m [90m{}[39m
[35m[HTTP][39m [37m<-- GET /wd/hub/session/ab456416-0c23-4cb7-91d7-d819957d7c25/appium/device/system_bars [39m[32m200[39m [90m124 ms - 145[39m
[35m[HTTP][39m [90m[39m
[35m[HTTP][39m [37m-->[39m [37mPOST[39m [37m/wd/hub/session/ab456416-0c23-4cb7-91d7-d819957d7c25/appium/device/activate_app[39m
[35m[HTTP][39m [90m{"bundleId":"id.pkp.sehati.uat"}[39m
[35m[HTTP][39m [37m<-- POST /wd/hub/session/ab456416-0c23-4cb7-91d7-d819957d7c25/appium/device/activate_app [39m[32m200[39m [90m3721 ms - 14[39m
[35m[HTTP][39m [90m[39m
[35m[HTTP][39m [37m-->[39m [37mGET[39m [37m/wd/hub/session/ab456416-0c23-4cb7-91d7-d819957d7c25/source[39m
[35m[HTTP][39m [90m{}[39m
[35m[W3C (ab456416)][39m Driver proxy active, passing request on via HTTP proxy
[35m[WD Proxy][39m Replacing sessionId f084c91b-0157-439c-9b4e-6f658ffeedbc with ab456416-0c23-4cb7-91d7-d819957d7c25
[35m[HTTP][39m [37m<-- GET /wd/hub/session/ab456416-0c23-4cb7-91d7-d819957d7c25/source [39m[32m200[39m [90m1419 ms - 12115[39m
[35m[HTTP][39m [90m[39m
[35m[HTTP][39m [37m-->[39m [37mGET[39m [37m/wd/hub/session/ab456416-0c23-4cb7-91d7-d819957d7c25/screenshot[39m
[35m[HTTP][39m [90m{}[39m
[35m[HTTP][39m [37m<-- GET /wd/hub/session/ab456416-0c23-4cb7-91d7-d819957d7c25/screenshot [39m[32m200[39m [90m705 ms - 208038[39m
[35m[HTTP][39m [90m[39m
[35m[HTTP][39m [37m-->[39m [37mPOST[39m [37m/wd/hub/session/ab456416-0c23-4cb7-91d7-d819957d7c25/elements[39m
[35m[HTTP][39m [90m{"using":"xpath","value":"//*[@class = 'android.widget.ImageView' and @resource-id = '' and (@text = '' or . = '')]"}[39m
[35m[HTTP][39m [37m<-- POST /wd/hub/session/ab456416-0c23-4cb7-91d7-d819957d7c25/elements [39m[32m200[39m [90m669 ms - 651[39m
[35m[HTTP][39m [90m[39m
[35m[HTTP][39m [37m-->[39m [37mPOST[39m [37m/wd/hub/session/ab456416-0c23-4cb7-91d7-d819957d7c25/elements[39m
[35m[HTTP][39m [90m{"using":"accessibility id","value":"Order\nDaftar List Order"}[39m
[35m[HTTP][39m [37m<-- POST /wd/hub/session/ab456416-0c23-4cb7-91d7-d819957d7c25/elements [39m[32m200[39m [90m56 ms - 139[39m
[35m[HTTP][39m [90m[39m
[35m[HTTP][39m [37m-->[39m [37mGET[39m [37m/wd/hub/session/ab456416-0c23-4cb7-91d7-d819957d7c25/source[39m
[35m[HTTP][39m [90m{}[39m
[35m[W3C (ab456416)][39m Driver proxy active, passing request on via HTTP proxy
[35m[WD Proxy][39m Replacing sessionId f084c91b-0157-439c-9b4e-6f658ffeedbc with ab456416-0c23-4cb7-91d7-d819957d7c25
[35m[HTTP][39m [37m<-- GET /wd/hub/session/ab456416-0c23-4cb7-91d7-d819957d7c25/source [39m[32m200[39m [90m290 ms - 17431[39m
[35m[HTTP][39m [90m[39m
[35m[HTTP][39m [37m-->[39m [37mGET[39m [37m/wd/hub/session/ab456416-0c23-4cb7-91d7-d819957d7c25/screenshot[39m
[35m[HTTP][39m [90m{}[39m
[35m[HTTP][39m [37m<-- GET /wd/hub/session/ab456416-0c23-4cb7-91d7-d819957d7c25/screenshot [39m[32m200[39m [90m1023 ms - 275756[39m
[35m[HTTP][39m [90m[39m
[35m[HTTP][39m [37m-->[39m [37mGET[39m [37m/wd/hub/session/ab456416-0c23-4cb7-91d7-d819957d7c25/source[39m
[35m[HTTP][39m [90m{}[39m
[35m[W3C (ab456416)][39m Driver proxy active, passing request on via HTTP proxy
[35m[WD Proxy][39m Replacing sessionId f084c91b-0157-439c-9b4e-6f658ffeedbc with ab456416-0c23-4cb7-91d7-d819957d7c25
[35m[HTTP][39m [37m<-- GET /wd/hub/session/ab456416-0c23-4cb7-91d7-d819957d7c25/source [39m[32m200[39m [90m294 ms - 17825[39m
[35m[HTTP][39m [90m[39m
[35m[HTTP][39m [37m-->[39m [37mGET[39m [37m/wd/hub/session/ab456416-0c23-4cb7-91d7-d819957d7c25/screenshot[39m
[35m[HTTP][39m [90m{}[39m
[35m[HTTP][39m [37m<-- GET /wd/hub/session/ab456416-0c23-4cb7-91d7-d819957d7c25/screenshot [39m[32m200[39m [90m925 ms - 295346[39m
[35m[HTTP][39m [90m[39m
[35m[HTTP][39m [37m-->[39m [37mGET[39m [37m/wd/hub/session/ab456416-0c23-4cb7-91d7-d819957d7c25/source[39m
[35m[HTTP][39m [90m{}[39m
[35m[W3C (ab456416)][39m Driver proxy active, passing request on via HTTP proxy
[35m[WD Proxy][39m Replacing sessionId f084c91b-0157-439c-9b4e-6f658ffeedbc with ab456416-0c23-4cb7-91d7-d819957d7c25
[35m[HTTP][39m [37m<-- GET /wd/hub/session/ab456416-0c23-4cb7-91d7-d819957d7c25/source [39m[32m200[39m [90m437 ms - 17431[39m
[35m[HTTP][39m [90m[39m
[35m[HTTP][39m [37m-->[39m [37mGET[39m [37m/wd/hub/session/ab456416-0c23-4cb7-91d7-d819957d7c25/screenshot[39m
[35m[HTTP][39m [90m{}[39m
[35m[HTTP][39m [37m<-- GET /wd/hub/session/ab456416-0c23-4cb7-91d7-d819957d7c25/screenshot [39m[32m200[39m [90m1059 ms - 284648[39m
[35m[HTTP][39m [90m[39m
[35m[HTTP][39m [37m-->[39m [37mPOST[39m [37m/wd/hub/session/ab456416-0c23-4cb7-91d7-d819957d7c25/elements[39m
[35m[HTTP][39m [90m{"using":"xpath","value":"//*[@class = 'android.view.View' and @resource-id = '' and (@text = '' or . = '')]"}[39m
[35m[HTTP][39m [37m<-- POST /wd/hub/session/ab456416-0c23-4cb7-91d7-d819957d7c25/elements [39m[32m200[39m [90m737 ms - 3723[39m
[35m[HTTP][39m [90m[39m
[35m[HTTP][39m [37m-->[39m [37mPOST[39m [37m/wd/hub/session/ab456416-0c23-4cb7-91d7-d819957d7c25/elements[39m
[35m[HTTP][39m [90m{"using":"accessibility id","value":"LILIS S\nNew\nNo Order\n:\n108123OR00000339\nTanggal Order\n:\n2023-08-30 00:00:00\nUnit Bisnis\n:\nMOTOR\nNo Telepon\n:\n081413466452\nAlamat\n:\nKP RADEN"}[39m
[35m[HTTP][39m [37m<-- POST /wd/hub/session/ab456416-0c23-4cb7-91d7-d819957d7c25/elements [39m[32m200[39m [90m45 ms - 139[39m
[35m[HTTP][39m [90m[39m
[35m[HTTP][39m [37m-->[39m [37mGET[39m [37m/wd/hub/session/ab456416-0c23-4cb7-91d7-d819957d7c25/source[39m
[35m[HTTP][39m [90m{}[39m
[35m[W3C (ab456416)][39m Driver proxy active, passing request on via HTTP proxy
[35m[WD Proxy][39m Replacing sessionId f084c91b-0157-439c-9b4e-6f658ffeedbc with ab456416-0c23-4cb7-91d7-d819957d7c25
[35m[HTTP][39m [37m<-- GET /wd/hub/session/ab456416-0c23-4cb7-91d7-d819957d7c25/source [39m[32m200[39m [90m772 ms - 9415[39m
[35m[HTTP][39m [90m[39m
[35m[HTTP][39m [37m-->[39m [37mGET[39m [37m/wd/hub/session/ab456416-0c23-4cb7-91d7-d819957d7c25/screenshot[39m
[35m[HTTP][39m [90m{}[39m
[35m[HTTP][39m [37m<-- GET /wd/hub/session/ab456416-0c23-4cb7-91d7-d819957d7c25/screenshot [39m[32m200[39m [90m938 ms - 229366[39m
[35m[HTTP][39m [90m[39m
[35m[HTTP][39m [37m-->[39m [37mPOST[39m [37m/wd/hub/session/ab456416-0c23-4cb7-91d7-d819957d7c25/elements[39m
[35m[HTTP][39m [90m{"using":"xpath","value":"//*[@class = 'android.view.View' and @resource-id = '' and (@text = '' or . = '')]"}[39m
[35m[HTTP][39m [37m<-- POST /wd/hub/session/ab456416-0c23-4cb7-91d7-d819957d7c25/elements [39m[32m200[39m [90m337 ms - 1931[39m
[35m[HTTP][39m [90m[39m
[35m[HTTP][39m [37m-->[39m [37mPOST[39m [37m/wd/hub/session/ab456416-0c23-4cb7-91d7-d819957d7c25/elements[39m
[35m[HTTP][39m [90m{"using":"accessibility id","value":"Batal"}[39m
[35m[HTTP][39m [37m<-- POST /wd/hub/session/ab456416-0c23-4cb7-91d7-d819957d7c25/elements [39m[32m200[39m [90m383 ms - 139[39m
[35m[HTTP][39m [90m[39m
[35m[HTTP][39m [37m-->[39m [37mPOST[39m [37m/wd/hub/session/ab456416-0c23-4cb7-91d7-d819957d7c25/elements[39m
[35m[HTTP][39m [90m{"using":"xpath","value":"//*[@class = 'android.view.View' and @resource-id = '' and (@text = '' or . = '')]"}[39m
[35m[HTTP][39m [37m<-- POST /wd/hub/session/ab456416-0c23-4cb7-91d7-d819957d7c25/elements [39m[32m200[39m [90m1112 ms - 1931[39m
[35m[HTTP][39m [90m[39m
[35m[HTTP][39m [37m-->[39m [37mPOST[39m [37m/wd/hub/session/ab456416-0c23-4cb7-91d7-d819957d7c25/elements[39m
[35m[HTTP][39m [90m{"using":"accessibility id","value":"Ajukan"}[39m
[35m[HTTP][39m [37m<-- POST /wd/hub/session/ab456416-0c23-4cb7-91d7-d819957d7c25/elements [39m[32m200[39m [90m53 ms - 139[39m
[35m[HTTP][39m [90m[39m
[35m[HTTP][39m [37m-->[39m [37mGET[39m [37m/wd/hub/session/ab456416-0c23-4cb7-91d7-d819957d7c25/source[39m
[35m[HTTP][39m [90m{}[39m
[35m[W3C (ab456416)][39m Driver proxy active, passing request on via HTTP proxy
[35m[WD Proxy][39m Replacing sessionId f084c91b-0157-439c-9b4e-6f658ffeedbc with ab456416-0c23-4cb7-91d7-d819957d7c25
[35m[HTTP][39m [37m<-- GET /wd/hub/session/ab456416-0c23-4cb7-91d7-d819957d7c25/source [39m[32m200[39m [90m281 ms - 11696[39m
[35m[HTTP][39m [90m[39m
[35m[HTTP][39m [37m-->[39m [37mGET[39m [37m/wd/hub/session/ab456416-0c23-4cb7-91d7-d819957d7c25/screenshot[39m
[35m[HTTP][39m [90m{}[39m
[35m[HTTP][39m [37m<-- GET /wd/hub/session/ab456416-0c23-4cb7-91d7-d819957d7c25/screenshot [39m[32m200[39m [90m819 ms - 244704[39m
[35m[HTTP][39m [90m[39m
[35m[HTTP][39m [37m-->[39m [37mPOST[39m [37m/wd/hub/session/ab456416-0c23-4cb7-91d7-d819957d7c25/elements[39m
[35m[HTTP][39m [90m{"using":"xpath","value":"//*[@class = 'android.widget.ImageView' and @resource-id = '' and (@text = '' or . = '')]"}[39m
[35m[HTTP][39m [37m<-- POST /wd/hub/session/ab456416-0c23-4cb7-91d7-d819957d7c25/elements [39m[32m200[39m [90m170 ms - 779[39m
[35m[HTTP][39m [90m[39m
[35m[HTTP][39m [37m-->[39m [37mPOST[39m [37m/wd/hub/session/ab456416-0c23-4cb7-91d7-d819957d7c25/elements[39m
[35m[HTTP][39m [90m{"using":"accessibility id","value":"Data \n Customer"}[39m
[35m[HTTP][39m [37m<-- POST /wd/hub/session/ab456416-0c23-4cb7-91d7-d819957d7c25/elements [39m[32m200[39m [90m50 ms - 139[39m
[35m[HTTP][39m [90m[39m
[35m[HTTP][39m [37m-->[39m [37mPOST[39m [37m/wd/hub/session/ab456416-0c23-4cb7-91d7-d819957d7c25/elements[39m
[35m[HTTP][39m [90m{"using":"xpath","value":"//*[@class = 'android.widget.ImageView' and @resource-id = '' and (@text = '' or . = '')]"}[39m
[35m[HTTP][39m [37m<-- POST /wd/hub/session/ab456416-0c23-4cb7-91d7-d819957d7c25/elements [39m[32m200[39m [90m155 ms - 779[39m
[35m[HTTP][39m [90m[39m
[35m[HTTP][39m [37m-->[39m [37mPOST[39m [37m/wd/hub/session/ab456416-0c23-4cb7-91d7-d819957d7c25/elements[39m
[35m[HTTP][39m [90m{"using":"accessibility id","value":"Data \n Order"}[39m
[35m[HTTP][39m [37m<-- POST /wd/hub/session/ab456416-0c23-4cb7-91d7-d819957d7c25/elements [39m[32m200[39m [90m515 ms - 139[39m
[35m[HTTP][39m [90m[39m
[35m[HTTP][39m [37m-->[39m [37mPOST[39m [37m/wd/hub/session/ab456416-0c23-4cb7-91d7-d819957d7c25/elements[39m
[35m[HTTP][39m [90m{"using":"xpath","value":"//*[@class = 'android.widget.ImageView' and @resource-id = '' and (@text = '' or . = '')]"}[39m
[35m[HTTP][39m [37m<-- POST /wd/hub/session/ab456416-0c23-4cb7-91d7-d819957d7c25/elements [39m[32m200[39m [90m154 ms - 779[39m
[35m[HTTP][39m [90m[39m
[35m[HTTP][39m [37m-->[39m [37mPOST[39m [37m/wd/hub/session/ab456416-0c23-4cb7-91d7-d819957d7c25/elements[39m
[35m[HTTP][39m [90m{"using":"accessibility id","value":"Kondisi \n Unit"}[39m
[35m[HTTP][39m [37m<-- POST /wd/hub/session/ab456416-0c23-4cb7-91d7-d819957d7c25/elements [39m[32m200[39m [90m52 ms - 139[39m
[35m[HTTP][39m [90m[39m
[35m[HTTP][39m [37m-->[39m [37mPOST[39m [37m/wd/hub/session/ab456416-0c23-4cb7-91d7-d819957d7c25/elements[39m
[35m[HTTP][39m [90m{"using":"xpath","value":"//*[@class = 'android.widget.ImageView' and @resource-id = '' and (@text = '' or . = '')]"}[39m
[35m[HTTP][39m [37m<-- POST /wd/hub/session/ab456416-0c23-4cb7-91d7-d819957d7c25/elements [39m[32m200[39m [90m362 ms - 779[39m
[35m[HTTP][39m [90m[39m
[35m[HTTP][39m [37m-->[39m [37mPOST[39m [37m/wd/hub/session/ab456416-0c23-4cb7-91d7-d819957d7c25/elements[39m
[35m[HTTP][39m [90m{"using":"accessibility id","value":"Data \n LAS"}[39m
[35m[HTTP][39m [37m<-- POST /wd/hub/session/ab456416-0c23-4cb7-91d7-d819957d7c25/elements [39m[32m200[39m [90m51 ms - 139[39m
[35m[HTTP][39m [90m[39m
[35m[HTTP][39m [37m-->[39m [37mPOST[39m [37m/wd/hub/session/ab456416-0c23-4cb7-91d7-d819957d7c25/elements[39m
[35m[HTTP][39m [90m{"using":"xpath","value":"//*[@class = 'android.widget.ImageView' and @resource-id = '' and (@text = '' or . = '')]"}[39m
[35m[HTTP][39m [37m<-- POST /wd/hub/session/ab456416-0c23-4cb7-91d7-d819957d7c25/elements [39m[32m200[39m [90m151 ms - 779[39m
[35m[HTTP][39m [90m[39m
[35m[HTTP][39m [37m-->[39m [37mPOST[39m [37m/wd/hub/session/ab456416-0c23-4cb7-91d7-d819957d7c25/elements[39m
[35m[HTTP][39m [90m{"using":"accessibility id","value":"Struktur \n Kredit"}[39m
[35m[HTTP][39m [37m<-- POST /wd/hub/session/ab456416-0c23-4cb7-91d7-d819957d7c25/elements [39m[32m200[39m [90m49 ms - 139[39m
[35m[HTTP][39m [90m[39m
[35m[HTTP][39m [37m-->[39m [37mPOST[39m [37m/wd/hub/session/ab456416-0c23-4cb7-91d7-d819957d7c25/elements[39m
[35m[HTTP][39m [90m{"using":"xpath","value":"//*[@class = 'android.widget.ImageView' and @resource-id = '' and (@text = '' or . = '')]"}[39m
[35m[HTTP][39m [37m<-- POST /wd/hub/session/ab456416-0c23-4cb7-91d7-d819957d7c25/elements [39m[32m200[39m [90m148 ms - 779[39m
[35m[HTTP][39m [90m[39m
[35m[HTTP][39m [37m-->[39m [37mPOST[39m [37m/wd/hub/session/ab456416-0c23-4cb7-91d7-d819957d7c25/elements[39m
[35m[HTTP][39m [90m{"using":"accessibility id","value":"Lampiran"}[39m
[35m[HTTP][39m [37m<-- POST /wd/hub/session/ab456416-0c23-4cb7-91d7-d819957d7c25/elements [39m[32m200[39m [90m50 ms - 139[39m
[35m[HTTP][39m [90m[39m
[35m[HTTP][39m [37m-->[39m [37mGET[39m [37m/wd/hub/session/ab456416-0c23-4cb7-91d7-d819957d7c25/source[39m
[35m[HTTP][39m [90m{}[39m
[35m[W3C (ab456416)][39m Driver proxy active, passing request on via HTTP proxy
[35m[WD Proxy][39m Replacing sessionId f084c91b-0157-439c-9b4e-6f658ffeedbc with ab456416-0c23-4cb7-91d7-d819957d7c25
[35m[HTTP][39m [37m<-- GET /wd/hub/session/ab456416-0c23-4cb7-91d7-d819957d7c25/source [39m[32m200[39m [90m147 ms - 12019[39m
[35m[HTTP][39m [90m[39m
[35m[HTTP][39m [37m-->[39m [37mGET[39m [37m/wd/hub/session/ab456416-0c23-4cb7-91d7-d819957d7c25/screenshot[39m
[35m[HTTP][39m [90m{}[39m
[35m[HTTP][39m [37m<-- GET /wd/hub/session/ab456416-0c23-4cb7-91d7-d819957d7c25/screenshot [39m[32m200[39m [90m736 ms - 157942[39m
[35m[HTTP][39m [90m[39m
[35m[HTTP][39m [37m-->[39m [37mPOST[39m [37m/wd/hub/session/ab456416-0c23-4cb7-91d7-d819957d7c25/elements[39m
[35m[HTTP][39m [90m{"using":"xpath","value":"//*[@class = 'android.widget.ImageView' and @resource-id = '' and (@text = '' or . = '')]"}[39m
[35m[HTTP][39m [37m<-- POST /wd/hub/session/ab456416-0c23-4cb7-91d7-d819957d7c25/elements [39m[32m200[39m [90m617 ms - 395[39m
[35m[HTTP][39m [90m[39m
[35m[HTTP][39m [37m-->[39m [37mPOST[39m [37m/wd/hub/session/ab456416-0c23-4cb7-91d7-d819957d7c25/elements[39m
[35m[HTTP][39m [90m{"using":"-android uiautomator","value":"new UiSelector().className(\"android.widget.ImageView\").resourceId(\"\")"}[39m
[35m[HTTP][39m [37m<-- POST /wd/hub/session/ab456416-0c23-4cb7-91d7-d819957d7c25/elements [39m[32m200[39m [90m87 ms - 395[39m
[35m[HTTP][39m [90m[39m
[35m[HTTP][39m [37m-->[39m [37mPOST[39m [37m/wd/hub/session/ab456416-0c23-4cb7-91d7-d819957d7c25/elements[39m
[35m[HTTP][39m [90m{"using":"xpath","value":"//*[@class = 'android.widget.ImageView' and @resource-id = '' and (@text = '' or . = '')]"}[39m
[35m[HTTP][39m [37m<-- POST /wd/hub/session/ab456416-0c23-4cb7-91d7-d819957d7c25/elements [39m[32m200[39m [90m129 ms - 395[39m
[35m[HTTP][39m [90m[39m
[35m[HTTP][39m [37m-->[39m [37mPOST[39m [37m/wd/hub/session/ab456416-0c23-4cb7-91d7-d819957d7c25/elements[39m
[35m[HTTP][39m [90m{"using":"-android uiautomator","value":"new UiSelector().className(\"android.widget.ImageView\").resourceId(\"\")"}[39m
[35m[HTTP][39m [37m<-- POST /wd/hub/session/ab456416-0c23-4cb7-91d7-d819957d7c25/elements [39m[32m200[39m [90m55 ms - 395[39m
[35m[HTTP][39m [90m[39m
[35m[HTTP][39m [37m-->[39m [37mPOST[39m [37m/wd/hub/session/ab456416-0c23-4cb7-91d7-d819957d7c25/elements[39m
[35m[HTTP][39m [90m{"using":"xpath","value":"//*[@class = 'android.widget.ImageView' and @resource-id = '' and (@text = '' or . = '')]"}[39m
[35m[HTTP][39m [37m<-- POST /wd/hub/session/ab456416-0c23-4cb7-91d7-d819957d7c25/elements [39m[32m200[39m [90m124 ms - 395[39m
[35m[HTTP][39m [90m[39m
[35m[HTTP][39m [37m-->[39m [37mPOST[39m [37m/wd/hub/session/ab456416-0c23-4cb7-91d7-d819957d7c25/elements[39m
[35m[HTTP][39m [90m{"using":"-android uiautomator","value":"new UiSelector().className(\"android.widget.ImageView\").resourceId(\"\")"}[39m
[35m[HTTP][39m [37m<-- POST /wd/hub/session/ab456416-0c23-4cb7-91d7-d819957d7c25/elements [39m[32m200[39m [90m75 ms - 395[39m
[35m[HTTP][39m [90m[39m
[35m[HTTP][39m [37m-->[39m [37mPOST[39m [37m/wd/hub/session/ab456416-0c23-4cb7-91d7-d819957d7c25/elements[39m
[35m[HTTP][39m [90m{"using":"xpath","value":"//*[@class = 'android.widget.EditText' and (@text = '-' or . = '-') and @resource-id = '']"}[39m
[35m[HTTP][39m [37m<-- POST /wd/hub/session/ab456416-0c23-4cb7-91d7-d819957d7c25/elements [39m[32m200[39m [90m636 ms - 139[39m
[35m[HTTP][39m [90m[39m
[35m[HTTP][39m [37m-->[39m [37mDELETE[39m [37m/wd/hub/session/ab456416-0c23-4cb7-91d7-d819957d7c25[39m
[35m[HTTP][39m [90m{}[39m
[35m[Appium][39m Removing session ab456416-0c23-4cb7-91d7-d819957d7c25 from our master session list
[35m[UiAutomator2][39m Restoring hidden api policy to the device default configuration
[35m[HTTP][39m [37m<-- DELETE /wd/hub/session/ab456416-0c23-4cb7-91d7-d819957d7c25 [39m[32m200[39m [90m679 ms - 14[39m
[35m[HTTP][39m [90m[39m
