[35m[Appium][39m Welcome to Appium v1.22.0
[35m[Appium][39m Non-default server args:
[35m[Appium][39m   port: 56220
[35m[Appium][39m   loglevel: info
[35m[Appium][39m   tmpDir: C:\Users\User\AppData\Local\Temp\\Katalon\Appium\Temp1693194089508
[35m[Appium][39m   chromedriverPort: 56222
[35m[Appium][39m Deprecated server args:
[35m[Appium][39m   [31m--chromedriver-port[39m => --default-capabilities
[35m[Appium][39m Default capabilities, which will be added to each request unless overridden by desired capabilities:
[35m[Appium][39m   chromedriverPort: 56222
[35m[Appium][39m Appium REST http interface listener started on 0.0.0.0:56220
[35m[HTTP][39m [37m-->[39m [37mGET[39m [37m/wd/hub/status[39m
[35m[HTTP][39m [90m{}[39m
[35m[HTTP][39m [37m<-- GET /wd/hub/status [39m[32m200[39m [90m6 ms - 68[39m
[35m[HTTP][39m [90m[39m
[35m[HTTP][39m [37m-->[39m [37mPOST[39m [37m/wd/hub/session[39m
[35m[HTTP][39m [90m{"desiredCapabilities":{"appActivity":".Settings","appPackage":"com.android.settings","newCommandTimeout":1800,"platformVersion":"12","automationName":"uiautomator2","autoGrantPermissions":true,"platformName":"Android","udid":"aihykrce5lrgzhxg","deviceName":"Xiaomi M2103K19PG (Android 12)","platform":"ANDROID","systemPort":8281},"capabilities":{"firstMatch":[{"appium:appActivity":".Settings","appium:appPackage":"com.android.settings","appium:autoGrantPermissions":true,"appium:automationName":"uiautomator2","appium:deviceName":"Xiaomi M2103K19PG (Android 12)","appium:newCommandTimeout":1800,"platform":"ANDROID","platformName":"android","appium:platformVersion":"12","appium:systemPort":8281,"appium:udid":"aihykrce5lrgzhxg"}]}}[39m
[35m[BaseDriver][39m The following capabilities are not standard capabilities and should have an extension prefix:
[35m[BaseDriver][39m   platform
[35m[BaseDriver][39m   chromedriverPort
[35m[Appium][39m Appium v1.22.0 creating new AndroidUiautomator2Driver (v1.69.0) session
[35m[BaseDriver][39m The following capabilities were provided, but are not recognized by Appium:
[35m[BaseDriver][39m   platform
[35m[BaseDriver][39m Session created with session id: 6d660a2c-5856-44cb-96f4-a2c535e92346
[35m[UiAutomator2][39m Starting 'com.android.settings' directly on the device
[35m[ADB][39m Found 1 'build-tools' folders under 'C:\Users\User\.katalon\tools\android_sdk' (newest first):
[35m[ADB][39m     C:/Users/User/.katalon/tools/android_sdk/build-tools/29.0.3
[35m[ADB][39m Using 'adb.exe' from 'C:\Users\User\.katalon\tools\android_sdk\platform-tools\adb.exe'
[35m[AndroidDriver][39m Retrieving device list
[35m[AndroidDriver][39m Using device: aihykrce5lrgzhxg
[35m[ADB][39m Using 'adb.exe' from 'C:\Users\User\.katalon\tools\android_sdk\platform-tools\adb.exe'
[35m[ADB][39m Getting device platform version
[35m[UiAutomator2][39m Relaxing hidden api policy
[35m[AndroidDriver][39m No app sent in, not parsing package/activity
[35m[ADB][39m Using 'apksigner.jar' from 'C:\Users\User\.katalon\tools\android_sdk\build-tools\29.0.3\lib\apksigner.jar'
[35m[ADB][39m 'C:\Users\User\AppData\Roaming\npm\node_modules\appium\node_modules\appium-uiautomator2-server\apks\appium-uiautomator2-server-v4.24.0.apk' is signed with the default certificate
[35m[ADB][39m 'C:\Users\User\AppData\Roaming\npm\node_modules\appium\node_modules\appium-uiautomator2-server\apks\appium-uiautomator2-server-debug-androidTest.apk' is signed with the default certificate
[35m[UiAutomator2][39m Server packages are not going to be (re)installed
[35m[ADB][39m Adding packages ["io.appium.settings","io.appium.uiautomator2.server","io.appium.uiautomator2.server.test"] to Doze whitelist
[35m[UiAutomator2][39m Starting UIAutomator2 server 4.24.0
[35m[UiAutomator2][39m Using UIAutomator2 server from 'C:\Users\User\AppData\Roaming\npm\node_modules\appium\node_modules\appium-uiautomator2-server\apks\appium-uiautomator2-server-v4.24.0.apk' and test from 'C:\Users\User\AppData\Roaming\npm\node_modules\appium\node_modules\appium-uiautomator2-server\apks\appium-uiautomator2-server-debug-androidTest.apk'
[35m[UiAutomator2][39m Waiting up to 30000ms for UiAutomator2 to be online...
[35m[WD Proxy][39m socket hang up
[35m[WD Proxy][39m socket hang up
[35m[WD Proxy][39m socket hang up
[35m[WD Proxy][39m socket hang up
[35m[WD Proxy][39m socket hang up
[35m[WD Proxy][39m socket hang up
[35m[WD Proxy][39m Determined the downstream protocol as 'W3C'
[35m[AndroidDriver][39m Screen already unlocked, doing nothing
[35m[UiAutomator2][39m Starting 'com.android.settings/.Settings and waiting for 'com.android.settings/.Settings'
[35m[Appium][39m New AndroidUiautomator2Driver session created successfully, session 6d660a2c-5856-44cb-96f4-a2c535e92346 added to master session list
[35m[HTTP][39m [37m<-- POST /wd/hub/session [39m[32m200[39m [90m11819 ms - 1181[39m
[35m[HTTP][39m [90m[39m
[35m[HTTP][39m [37m-->[39m [37mGET[39m [37m/wd/hub/session/6d660a2c-5856-44cb-96f4-a2c535e92346[39m
[35m[HTTP][39m [90m{}[39m
[35m[HTTP][39m [37m<-- GET /wd/hub/session/6d660a2c-5856-44cb-96f4-a2c535e92346 [39m[32m200[39m [90m15 ms - 1135[39m
[35m[HTTP][39m [90m[39m
[35m[HTTP][39m [37m-->[39m [37mGET[39m [37m/wd/hub/session/6d660a2c-5856-44cb-96f4-a2c535e92346[39m
[35m[HTTP][39m [90m{}[39m
[35m[HTTP][39m [37m<-- GET /wd/hub/session/6d660a2c-5856-44cb-96f4-a2c535e92346 [39m[32m200[39m [90m8 ms - 1135[39m
[35m[HTTP][39m [90m[39m
[35m[HTTP][39m [37m-->[39m [37mGET[39m [37m/wd/hub/status[39m
[35m[HTTP][39m [90m{}[39m
[35m[HTTP][39m [37m<-- GET /wd/hub/status [39m[32m200[39m [90m1 ms - 68[39m
[35m[HTTP][39m [90m[39m
[35m[HTTP][39m [37m-->[39m [37mPOST[39m [37m/wd/hub/session/6d660a2c-5856-44cb-96f4-a2c535e92346/timeouts[39m
[35m[HTTP][39m [90m{"implicit":30000}[39m
[35m[HTTP][39m [37m<-- POST /wd/hub/session/6d660a2c-5856-44cb-96f4-a2c535e92346/timeouts [39m[32m200[39m [90m2 ms - 14[39m
[35m[HTTP][39m [90m[39m
[35m[HTTP][39m [37m-->[39m [37mGET[39m [37m/wd/hub/session/6d660a2c-5856-44cb-96f4-a2c535e92346/screenshot[39m
[35m[HTTP][39m [90m{}[39m
[35m[HTTP][39m [37m<-- GET /wd/hub/session/6d660a2c-5856-44cb-96f4-a2c535e92346/screenshot [39m[32m200[39m [90m386 ms - 184848[39m
[35m[HTTP][39m [90m[39m
[35m[HTTP][39m [37m-->[39m [37mGET[39m [37m/wd/hub/session/6d660a2c-5856-44cb-96f4-a2c535e92346/window/rect[39m
[35m[HTTP][39m [90m{}[39m
[35m[HTTP][39m [37m<-- GET /wd/hub/session/6d660a2c-5856-44cb-96f4-a2c535e92346/window/rect [39m[32m200[39m [90m14 ms - 50[39m
[35m[HTTP][39m [90m[39m
[35m[HTTP][39m [37m-->[39m [37mGET[39m [37m/wd/hub/session/6d660a2c-5856-44cb-96f4-a2c535e92346/appium/device/system_bars[39m
[35m[HTTP][39m [90m{}[39m
[35m[HTTP][39m [37m<-- GET /wd/hub/session/6d660a2c-5856-44cb-96f4-a2c535e92346/appium/device/system_bars [39m[32m200[39m [90m105 ms - 145[39m
[35m[HTTP][39m [90m[39m
[35m[HTTP][39m [37m-->[39m [37mPOST[39m [37m/wd/hub/session/6d660a2c-5856-44cb-96f4-a2c535e92346/appium/device/activate_app[39m
[35m[HTTP][39m [90m{"bundleId":"id.pkp.sehati.uat"}[39m
[35m[HTTP][39m [37m<-- POST /wd/hub/session/6d660a2c-5856-44cb-96f4-a2c535e92346/appium/device/activate_app [39m[32m200[39m [90m3282 ms - 14[39m
[35m[HTTP][39m [90m[39m
[35m[HTTP][39m [37m-->[39m [37mPOST[39m [37m/wd/hub/session/6d660a2c-5856-44cb-96f4-a2c535e92346/timeouts[39m
[35m[HTTP][39m [90m{"implicit":50}[39m
[35m[HTTP][39m [37m<-- POST /wd/hub/session/6d660a2c-5856-44cb-96f4-a2c535e92346/timeouts [39m[32m200[39m [90m4 ms - 14[39m
[35m[HTTP][39m [90m[39m
[35m[HTTP][39m [37m-->[39m [37mGET[39m [37m/wd/hub/session/6d660a2c-5856-44cb-96f4-a2c535e92346/window/rect[39m
[35m[HTTP][39m [90m{}[39m
[35m[HTTP][39m [37m<-- GET /wd/hub/session/6d660a2c-5856-44cb-96f4-a2c535e92346/window/rect [39m[32m200[39m [90m19 ms - 50[39m
[35m[HTTP][39m [90m[39m
[35m[HTTP][39m [37m-->[39m [37mPOST[39m [37m/wd/hub/session/6d660a2c-5856-44cb-96f4-a2c535e92346/elements[39m
[35m[HTTP][39m [90m{"using":"xpath","value":"//*[@class = 'android.widget.EditText' and (@text = 'NPK' or . = 'NPK') and @resource-id = '']"}[39m
[35m[HTTP][39m [37m<-- POST /wd/hub/session/6d660a2c-5856-44cb-96f4-a2c535e92346/elements [39m[32m200[39m [90m294 ms - 139[39m
[35m[HTTP][39m [90m[39m
[35m[HTTP][39m [37m-->[39m [37mGET[39m [37m/wd/hub/session/6d660a2c-5856-44cb-96f4-a2c535e92346/element/00000000-0000-0d0f-0000-01a900000003/location[39m
[35m[HTTP][39m [90m{}[39m
[35m[W3C (6d660a2c)][39m Driver proxy active, passing request on via HTTP proxy
[35m[WD Proxy][39m Replacing sessionId 9c659f7c-87ef-42a7-9bf0-d1fb9caeedbc with 6d660a2c-5856-44cb-96f4-a2c535e92346
[35m[HTTP][39m [37m<-- GET /wd/hub/session/6d660a2c-5856-44cb-96f4-a2c535e92346/element/00000000-0000-0d0f-0000-01a900000003/location [39m[32m200[39m [90m14 ms - 77[39m
[35m[HTTP][39m [90m[39m
[35m[HTTP][39m [37m-->[39m [37mPOST[39m [37m/wd/hub/session/6d660a2c-5856-44cb-96f4-a2c535e92346/timeouts[39m
[35m[HTTP][39m [90m{"implicit":30000}[39m
[35m[HTTP][39m [37m<-- POST /wd/hub/session/6d660a2c-5856-44cb-96f4-a2c535e92346/timeouts [39m[32m200[39m [90m1 ms - 14[39m
[35m[HTTP][39m [90m[39m
[35m[HTTP][39m [37m-->[39m [37mPOST[39m [37m/wd/hub/session/6d660a2c-5856-44cb-96f4-a2c535e92346/element/00000000-0000-0d0f-0000-01a900000003/click[39m
[35m[HTTP][39m [90m{"id":"00000000-0000-0d0f-0000-01a900000003"}[39m
[35m[HTTP][39m [37m<-- POST /wd/hub/session/6d660a2c-5856-44cb-96f4-a2c535e92346/element/00000000-0000-0d0f-0000-01a900000003/click [39m[32m200[39m [90m143 ms - 14[39m
[35m[HTTP][39m [90m[39m
[35m[HTTP][39m [37m-->[39m [37mPOST[39m [37m/wd/hub/session/6d660a2c-5856-44cb-96f4-a2c535e92346/timeouts[39m
[35m[HTTP][39m [90m{"implicit":50}[39m
[35m[HTTP][39m [37m<-- POST /wd/hub/session/6d660a2c-5856-44cb-96f4-a2c535e92346/timeouts [39m[32m200[39m [90m1 ms - 14[39m
[35m[HTTP][39m [90m[39m
[35m[HTTP][39m [37m-->[39m [37mGET[39m [37m/wd/hub/session/6d660a2c-5856-44cb-96f4-a2c535e92346/window/rect[39m
[35m[HTTP][39m [90m{}[39m
[35m[HTTP][39m [37m<-- GET /wd/hub/session/6d660a2c-5856-44cb-96f4-a2c535e92346/window/rect [39m[32m200[39m [90m9 ms - 50[39m
[35m[HTTP][39m [90m[39m
[35m[HTTP][39m [37m-->[39m [37mPOST[39m [37m/wd/hub/session/6d660a2c-5856-44cb-96f4-a2c535e92346/elements[39m
[35m[HTTP][39m [90m{"using":"xpath","value":"//*[@class = 'android.widget.EditText' and (@text = 'NPK\nMasukan NPK' or . = 'NPK\nMasukan NPK') and @resource-id = '']"}[39m
[35m[HTTP][39m [37m<-- POST /wd/hub/session/6d660a2c-5856-44cb-96f4-a2c535e92346/elements [39m[32m200[39m [90m903 ms - 139[39m
[35m[HTTP][39m [90m[39m
[35m[HTTP][39m [37m-->[39m [37mGET[39m [37m/wd/hub/session/6d660a2c-5856-44cb-96f4-a2c535e92346/element/00000000-0000-0d0f-0000-01a900000003/location[39m
[35m[HTTP][39m [90m{}[39m
[35m[W3C (6d660a2c)][39m Driver proxy active, passing request on via HTTP proxy
[35m[WD Proxy][39m Replacing sessionId 9c659f7c-87ef-42a7-9bf0-d1fb9caeedbc with 6d660a2c-5856-44cb-96f4-a2c535e92346
[35m[HTTP][39m [37m<-- GET /wd/hub/session/6d660a2c-5856-44cb-96f4-a2c535e92346/element/00000000-0000-0d0f-0000-01a900000003/location [39m[32m200[39m [90m30 ms - 77[39m
[35m[HTTP][39m [90m[39m
[35m[HTTP][39m [37m-->[39m [37mPOST[39m [37m/wd/hub/session/6d660a2c-5856-44cb-96f4-a2c535e92346/timeouts[39m
[35m[HTTP][39m [90m{"implicit":30000}[39m
[35m[HTTP][39m [37m<-- POST /wd/hub/session/6d660a2c-5856-44cb-96f4-a2c535e92346/timeouts [39m[32m200[39m [90m3 ms - 14[39m
[35m[HTTP][39m [90m[39m
[35m[HTTP][39m [37m-->[39m [37mPOST[39m [37m/wd/hub/session/6d660a2c-5856-44cb-96f4-a2c535e92346/element/00000000-0000-0d0f-0000-01a900000003/value[39m
[35m[HTTP][39m [90m{"id":"00000000-0000-0d0f-0000-01a900000003","text":"220885","value":["2","2","0","8","8","5"]}[39m
[35m[HTTP][39m [37m<-- POST /wd/hub/session/6d660a2c-5856-44cb-96f4-a2c535e92346/element/00000000-0000-0d0f-0000-01a900000003/value [39m[32m200[39m [90m49 ms - 14[39m
[35m[HTTP][39m [90m[39m
[35m[HTTP][39m [37m-->[39m [37mPOST[39m [37m/wd/hub/session/6d660a2c-5856-44cb-96f4-a2c535e92346/timeouts[39m
[35m[HTTP][39m [90m{"implicit":50}[39m
[35m[HTTP][39m [37m<-- POST /wd/hub/session/6d660a2c-5856-44cb-96f4-a2c535e92346/timeouts [39m[32m200[39m [90m1 ms - 14[39m
[35m[HTTP][39m [90m[39m
[35m[HTTP][39m [37m-->[39m [37mGET[39m [37m/wd/hub/session/6d660a2c-5856-44cb-96f4-a2c535e92346/window/rect[39m
[35m[HTTP][39m [90m{}[39m
[35m[HTTP][39m [37m<-- GET /wd/hub/session/6d660a2c-5856-44cb-96f4-a2c535e92346/window/rect [39m[32m200[39m [90m16 ms - 50[39m
[35m[HTTP][39m [90m[39m
[35m[HTTP][39m [37m-->[39m [37mPOST[39m [37m/wd/hub/session/6d660a2c-5856-44cb-96f4-a2c535e92346/elements[39m
[35m[HTTP][39m [90m{"using":"xpath","value":"//*[@class = 'android.widget.EditText' and (@text = 'Kata Sandi' or . = 'Kata Sandi') and @resource-id = '']"}[39m
[35m[HTTP][39m [37m<-- POST /wd/hub/session/6d660a2c-5856-44cb-96f4-a2c535e92346/elements [39m[32m200[39m [90m514 ms - 139[39m
[35m[HTTP][39m [90m[39m
[35m[HTTP][39m [37m-->[39m [37mGET[39m [37m/wd/hub/session/6d660a2c-5856-44cb-96f4-a2c535e92346/element/00000000-0000-0d0f-0000-01aa00000003/location[39m
[35m[HTTP][39m [90m{}[39m
[35m[W3C (6d660a2c)][39m Driver proxy active, passing request on via HTTP proxy
[35m[WD Proxy][39m Replacing sessionId 9c659f7c-87ef-42a7-9bf0-d1fb9caeedbc with 6d660a2c-5856-44cb-96f4-a2c535e92346
[35m[HTTP][39m [37m<-- GET /wd/hub/session/6d660a2c-5856-44cb-96f4-a2c535e92346/element/00000000-0000-0d0f-0000-01aa00000003/location [39m[32m200[39m [90m34 ms - 77[39m
[35m[HTTP][39m [90m[39m
[35m[HTTP][39m [37m-->[39m [37mPOST[39m [37m/wd/hub/session/6d660a2c-5856-44cb-96f4-a2c535e92346/timeouts[39m
[35m[HTTP][39m [90m{"implicit":30000}[39m
[35m[HTTP][39m [37m<-- POST /wd/hub/session/6d660a2c-5856-44cb-96f4-a2c535e92346/timeouts [39m[32m200[39m [90m5 ms - 14[39m
[35m[HTTP][39m [90m[39m
[35m[HTTP][39m [37m-->[39m [37mPOST[39m [37m/wd/hub/session/6d660a2c-5856-44cb-96f4-a2c535e92346/element/00000000-0000-0d0f-0000-01aa00000003/click[39m
[35m[HTTP][39m [90m{"id":"00000000-0000-0d0f-0000-01aa00000003"}[39m
[35m[HTTP][39m [37m<-- POST /wd/hub/session/6d660a2c-5856-44cb-96f4-a2c535e92346/element/00000000-0000-0d0f-0000-01aa00000003/click [39m[32m200[39m [90m64 ms - 14[39m
[35m[HTTP][39m [90m[39m
[35m[HTTP][39m [37m-->[39m [37mPOST[39m [37m/wd/hub/session/6d660a2c-5856-44cb-96f4-a2c535e92346/timeouts[39m
[35m[HTTP][39m [90m{"implicit":50}[39m
[35m[HTTP][39m [37m<-- POST /wd/hub/session/6d660a2c-5856-44cb-96f4-a2c535e92346/timeouts [39m[32m200[39m [90m1 ms - 14[39m
[35m[HTTP][39m [90m[39m
[35m[HTTP][39m [37m-->[39m [37mGET[39m [37m/wd/hub/session/6d660a2c-5856-44cb-96f4-a2c535e92346/window/rect[39m
[35m[HTTP][39m [90m{}[39m
[35m[HTTP][39m [37m<-- GET /wd/hub/session/6d660a2c-5856-44cb-96f4-a2c535e92346/window/rect [39m[32m200[39m [90m15 ms - 50[39m
[35m[HTTP][39m [90m[39m
[35m[HTTP][39m [37m-->[39m [37mPOST[39m [37m/wd/hub/session/6d660a2c-5856-44cb-96f4-a2c535e92346/elements[39m
[35m[HTTP][39m [90m{"using":"xpath","value":"//*[@class = 'android.widget.EditText' and (@text = 'Kata Sandi\nMasukan Kata Sandi' or . = 'Kata Sandi\nMasukan Kata Sandi') and @resource-id = '']"}[39m
[35m[HTTP][39m [37m<-- POST /wd/hub/session/6d660a2c-5856-44cb-96f4-a2c535e92346/elements [39m[32m200[39m [90m504 ms - 139[39m
[35m[HTTP][39m [90m[39m
[35m[HTTP][39m [37m-->[39m [37mGET[39m [37m/wd/hub/session/6d660a2c-5856-44cb-96f4-a2c535e92346/element/00000000-0000-0d0f-0000-01aa00000003/location[39m
[35m[HTTP][39m [90m{}[39m
[35m[W3C (6d660a2c)][39m Driver proxy active, passing request on via HTTP proxy
[35m[WD Proxy][39m Replacing sessionId 9c659f7c-87ef-42a7-9bf0-d1fb9caeedbc with 6d660a2c-5856-44cb-96f4-a2c535e92346
[35m[HTTP][39m [37m<-- GET /wd/hub/session/6d660a2c-5856-44cb-96f4-a2c535e92346/element/00000000-0000-0d0f-0000-01aa00000003/location [39m[32m200[39m [90m32 ms - 77[39m
[35m[HTTP][39m [90m[39m
[35m[HTTP][39m [37m-->[39m [37mPOST[39m [37m/wd/hub/session/6d660a2c-5856-44cb-96f4-a2c535e92346/timeouts[39m
[35m[HTTP][39m [90m{"implicit":30000}[39m
[35m[HTTP][39m [37m<-- POST /wd/hub/session/6d660a2c-5856-44cb-96f4-a2c535e92346/timeouts [39m[32m200[39m [90m3 ms - 14[39m
[35m[HTTP][39m [90m[39m
[35m[HTTP][39m [37m-->[39m [37mPOST[39m [37m/wd/hub/session/6d660a2c-5856-44cb-96f4-a2c535e92346/element/00000000-0000-0d0f-0000-01aa00000003/value[39m
[35m[HTTP][39m [90m{"id":"00000000-0000-0d0f-0000-01aa00000003","text":"12345678","value":["1","2","3","4","5","6","7","8"]}[39m
[35m[HTTP][39m [37m<-- POST /wd/hub/session/6d660a2c-5856-44cb-96f4-a2c535e92346/element/00000000-0000-0d0f-0000-01aa00000003/value [39m[32m200[39m [90m63 ms - 14[39m
[35m[HTTP][39m [90m[39m
[35m[HTTP][39m [37m-->[39m [37mPOST[39m [37m/wd/hub/session/6d660a2c-5856-44cb-96f4-a2c535e92346/timeouts[39m
[35m[HTTP][39m [90m{"implicit":50}[39m
[35m[HTTP][39m [37m<-- POST /wd/hub/session/6d660a2c-5856-44cb-96f4-a2c535e92346/timeouts [39m[32m200[39m [90m1 ms - 14[39m
[35m[HTTP][39m [90m[39m
[35m[HTTP][39m [37m-->[39m [37mGET[39m [37m/wd/hub/session/6d660a2c-5856-44cb-96f4-a2c535e92346/window/rect[39m
[35m[HTTP][39m [90m{}[39m
[35m[HTTP][39m [37m<-- GET /wd/hub/session/6d660a2c-5856-44cb-96f4-a2c535e92346/window/rect [39m[32m200[39m [90m21 ms - 50[39m
[35m[HTTP][39m [90m[39m
[35m[HTTP][39m [37m-->[39m [37mPOST[39m [37m/wd/hub/session/6d660a2c-5856-44cb-96f4-a2c535e92346/elements[39m
[35m[HTTP][39m [90m{"using":"accessibility id","value":"Masuk"}[39m
[35m[HTTP][39m [37m<-- POST /wd/hub/session/6d660a2c-5856-44cb-96f4-a2c535e92346/elements [39m[32m200[39m [90m414 ms - 139[39m
[35m[HTTP][39m [90m[39m
[35m[HTTP][39m [37m-->[39m [37mGET[39m [37m/wd/hub/session/6d660a2c-5856-44cb-96f4-a2c535e92346/element/00000000-0000-0d0f-0000-01ae00000003/location[39m
[35m[HTTP][39m [90m{}[39m
[35m[W3C (6d660a2c)][39m Driver proxy active, passing request on via HTTP proxy
[35m[WD Proxy][39m Replacing sessionId 9c659f7c-87ef-42a7-9bf0-d1fb9caeedbc with 6d660a2c-5856-44cb-96f4-a2c535e92346
[35m[HTTP][39m [37m<-- GET /wd/hub/session/6d660a2c-5856-44cb-96f4-a2c535e92346/element/00000000-0000-0d0f-0000-01ae00000003/location [39m[32m200[39m [90m492 ms - 78[39m
[35m[HTTP][39m [90m[39m
[35m[HTTP][39m [37m-->[39m [37mPOST[39m [37m/wd/hub/session/6d660a2c-5856-44cb-96f4-a2c535e92346/timeouts[39m
[35m[HTTP][39m [90m{"implicit":30000}[39m
[35m[HTTP][39m [37m<-- POST /wd/hub/session/6d660a2c-5856-44cb-96f4-a2c535e92346/timeouts [39m[32m200[39m [90m4 ms - 14[39m
[35m[HTTP][39m [90m[39m
[35m[HTTP][39m [37m-->[39m [37mPOST[39m [37m/wd/hub/session/6d660a2c-5856-44cb-96f4-a2c535e92346/element/00000000-0000-0d0f-0000-01ae00000003/click[39m
[35m[HTTP][39m [90m{"id":"00000000-0000-0d0f-0000-01ae00000003"}[39m
[35m[HTTP][39m [37m<-- POST /wd/hub/session/6d660a2c-5856-44cb-96f4-a2c535e92346/element/00000000-0000-0d0f-0000-01ae00000003/click [39m[32m200[39m [90m585 ms - 14[39m
[35m[HTTP][39m [90m[39m
[35m[HTTP][39m [37m-->[39m [37mPOST[39m [37m/wd/hub/session/6d660a2c-5856-44cb-96f4-a2c535e92346/timeouts[39m
[35m[HTTP][39m [90m{"implicit":50}[39m
[35m[HTTP][39m [37m<-- POST /wd/hub/session/6d660a2c-5856-44cb-96f4-a2c535e92346/timeouts [39m[32m200[39m [90m1 ms - 14[39m
[35m[HTTP][39m [90m[39m
[35m[HTTP][39m [37m-->[39m [37mGET[39m [37m/wd/hub/session/6d660a2c-5856-44cb-96f4-a2c535e92346/window/rect[39m
[35m[HTTP][39m [90m{}[39m
[35m[HTTP][39m [37m<-- GET /wd/hub/session/6d660a2c-5856-44cb-96f4-a2c535e92346/window/rect [39m[32m200[39m [90m25 ms - 50[39m
[35m[HTTP][39m [90m[39m
[35m[HTTP][39m [37m-->[39m [37mPOST[39m [37m/wd/hub/session/6d660a2c-5856-44cb-96f4-a2c535e92346/elements[39m
[35m[HTTP][39m [90m{"using":"xpath","value":"//*[@class = 'android.widget.Button' and @resource-id = '' and (@text = '' or . = '')]"}[39m
[35m[HTTP][39m [37m<-- POST /wd/hub/session/6d660a2c-5856-44cb-96f4-a2c535e92346/elements [39m[32m200[39m [90m107 ms - 139[39m
[35m[HTTP][39m [90m[39m
[35m[HTTP][39m [37m-->[39m [37mGET[39m [37m/wd/hub/session/6d660a2c-5856-44cb-96f4-a2c535e92346/element/00000000-0000-0d0f-0000-020200000003/location[39m
[35m[HTTP][39m [90m{}[39m
[35m[W3C (6d660a2c)][39m Driver proxy active, passing request on via HTTP proxy
[35m[WD Proxy][39m Replacing sessionId 9c659f7c-87ef-42a7-9bf0-d1fb9caeedbc with 6d660a2c-5856-44cb-96f4-a2c535e92346
[35m[HTTP][39m [37m<-- GET /wd/hub/session/6d660a2c-5856-44cb-96f4-a2c535e92346/element/00000000-0000-0d0f-0000-020200000003/location [39m[32m200[39m [90m32 ms - 79[39m
[35m[HTTP][39m [90m[39m
[35m[HTTP][39m [37m-->[39m [37mPOST[39m [37m/wd/hub/session/6d660a2c-5856-44cb-96f4-a2c535e92346/timeouts[39m
[35m[HTTP][39m [90m{"implicit":30000}[39m
[35m[HTTP][39m [37m<-- POST /wd/hub/session/6d660a2c-5856-44cb-96f4-a2c535e92346/timeouts [39m[32m200[39m [90m1 ms - 14[39m
[35m[HTTP][39m [90m[39m
[35m[HTTP][39m [37m-->[39m [37mPOST[39m [37m/wd/hub/session/6d660a2c-5856-44cb-96f4-a2c535e92346/element/00000000-0000-0d0f-0000-020200000003/click[39m
[35m[HTTP][39m [90m{"id":"00000000-0000-0d0f-0000-020200000003"}[39m
[35m[HTTP][39m [37m<-- POST /wd/hub/session/6d660a2c-5856-44cb-96f4-a2c535e92346/element/00000000-0000-0d0f-0000-020200000003/click [39m[32m200[39m [90m789 ms - 14[39m
[35m[HTTP][39m [90m[39m
[35m[HTTP][39m [37m-->[39m [37mPOST[39m [37m/wd/hub/session/6d660a2c-5856-44cb-96f4-a2c535e92346/timeouts[39m
[35m[HTTP][39m [90m{"implicit":50}[39m
[35m[HTTP][39m [37m<-- POST /wd/hub/session/6d660a2c-5856-44cb-96f4-a2c535e92346/timeouts [39m[32m200[39m [90m2 ms - 14[39m
[35m[HTTP][39m [90m[39m
[35m[HTTP][39m [37m-->[39m [37mGET[39m [37m/wd/hub/session/6d660a2c-5856-44cb-96f4-a2c535e92346/window/rect[39m
[35m[HTTP][39m [90m{}[39m
[35m[HTTP][39m [37m<-- GET /wd/hub/session/6d660a2c-5856-44cb-96f4-a2c535e92346/window/rect [39m[32m200[39m [90m24 ms - 50[39m
[35m[HTTP][39m [90m[39m
[35m[HTTP][39m [37m-->[39m [37mPOST[39m [37m/wd/hub/session/6d660a2c-5856-44cb-96f4-a2c535e92346/elements[39m
[35m[HTTP][39m [90m{"using":"xpath","value":"//hierarchy/android.widget.FrameLayout[1]/android.widget.LinearLayout[1]/android.widget.FrameLayout[1]/android.widget.FrameLayout[1]/android.view.View[1]/android.view.View[1]/android.view.View[1]/android.view.View[1]/android.view.View[2]/android.widget.ImageView[4]"}[39m
[35m[HTTP][39m [37m<-- POST /wd/hub/session/6d660a2c-5856-44cb-96f4-a2c535e92346/elements [39m[32m200[39m [90m289 ms - 139[39m
[35m[HTTP][39m [90m[39m
[35m[HTTP][39m [37m-->[39m [37mGET[39m [37m/wd/hub/session/6d660a2c-5856-44cb-96f4-a2c535e92346/element/00000000-0000-0d0f-0000-01bc00000003/location[39m
[35m[HTTP][39m [90m{}[39m
[35m[W3C (6d660a2c)][39m Driver proxy active, passing request on via HTTP proxy
[35m[WD Proxy][39m Replacing sessionId 9c659f7c-87ef-42a7-9bf0-d1fb9caeedbc with 6d660a2c-5856-44cb-96f4-a2c535e92346
[35m[HTTP][39m [37m<-- GET /wd/hub/session/6d660a2c-5856-44cb-96f4-a2c535e92346/element/00000000-0000-0d0f-0000-01bc00000003/location [39m[32m200[39m [90m27 ms - 79[39m
[35m[HTTP][39m [90m[39m
[35m[HTTP][39m [37m-->[39m [37mPOST[39m [37m/wd/hub/session/6d660a2c-5856-44cb-96f4-a2c535e92346/timeouts[39m
[35m[HTTP][39m [90m{"implicit":30000}[39m
[35m[HTTP][39m [37m<-- POST /wd/hub/session/6d660a2c-5856-44cb-96f4-a2c535e92346/timeouts [39m[32m200[39m [90m3 ms - 14[39m
[35m[HTTP][39m [90m[39m
[35m[HTTP][39m [37m-->[39m [37mPOST[39m [37m/wd/hub/session/6d660a2c-5856-44cb-96f4-a2c535e92346/element/00000000-0000-0d0f-0000-01bc00000003/click[39m
[35m[HTTP][39m [90m{"id":"00000000-0000-0d0f-0000-01bc00000003"}[39m
[35m[HTTP][39m [37m<-- POST /wd/hub/session/6d660a2c-5856-44cb-96f4-a2c535e92346/element/00000000-0000-0d0f-0000-01bc00000003/click [39m[32m200[39m [90m637 ms - 14[39m
[35m[HTTP][39m [90m[39m
[35m[HTTP][39m [37m-->[39m [37mPOST[39m [37m/wd/hub/session/6d660a2c-5856-44cb-96f4-a2c535e92346/timeouts[39m
[35m[HTTP][39m [90m{"implicit":50}[39m
[35m[HTTP][39m [37m<-- POST /wd/hub/session/6d660a2c-5856-44cb-96f4-a2c535e92346/timeouts [39m[32m200[39m [90m1 ms - 14[39m
[35m[HTTP][39m [90m[39m
[35m[HTTP][39m [37m-->[39m [37mGET[39m [37m/wd/hub/session/6d660a2c-5856-44cb-96f4-a2c535e92346/window/rect[39m
[35m[HTTP][39m [90m{}[39m
[35m[HTTP][39m [37m<-- GET /wd/hub/session/6d660a2c-5856-44cb-96f4-a2c535e92346/window/rect [39m[32m200[39m [90m14 ms - 50[39m
[35m[HTTP][39m [90m[39m
[35m[HTTP][39m [37m-->[39m [37mPOST[39m [37m/wd/hub/session/6d660a2c-5856-44cb-96f4-a2c535e92346/elements[39m
[35m[HTTP][39m [90m{"using":"xpath","value":"//hierarchy/android.widget.FrameLayout[1]/android.widget.LinearLayout[1]/android.widget.FrameLayout[1]/android.widget.FrameLayout[1]/android.view.View[1]/android.view.View[1]/android.view.View[1]/android.view.View[1]/android.view.View[1]/android.view.View[1]/android.view.View[1]/android.widget.ScrollView[1]/android.widget.ImageView[1]"}[39m
[35m[HTTP][39m [37m<-- POST /wd/hub/session/6d660a2c-5856-44cb-96f4-a2c535e92346/elements [39m[32m200[39m [90m604 ms - 139[39m
[35m[HTTP][39m [90m[39m
[35m[HTTP][39m [37m-->[39m [37mGET[39m [37m/wd/hub/session/6d660a2c-5856-44cb-96f4-a2c535e92346/element/00000000-0000-0d0f-0000-021000000003/location[39m
[35m[HTTP][39m [90m{}[39m
[35m[W3C (6d660a2c)][39m Driver proxy active, passing request on via HTTP proxy
[35m[WD Proxy][39m Replacing sessionId 9c659f7c-87ef-42a7-9bf0-d1fb9caeedbc with 6d660a2c-5856-44cb-96f4-a2c535e92346
[35m[HTTP][39m [37m<-- GET /wd/hub/session/6d660a2c-5856-44cb-96f4-a2c535e92346/element/00000000-0000-0d0f-0000-021000000003/location [39m[32m200[39m [90m31 ms - 78[39m
[35m[HTTP][39m [90m[39m
[35m[HTTP][39m [37m-->[39m [37mPOST[39m [37m/wd/hub/session/6d660a2c-5856-44cb-96f4-a2c535e92346/timeouts[39m
[35m[HTTP][39m [90m{"implicit":30000}[39m
[35m[HTTP][39m [37m<-- POST /wd/hub/session/6d660a2c-5856-44cb-96f4-a2c535e92346/timeouts [39m[32m200[39m [90m4 ms - 14[39m
[35m[HTTP][39m [90m[39m
[35m[HTTP][39m [37m-->[39m [37mPOST[39m [37m/wd/hub/session/6d660a2c-5856-44cb-96f4-a2c535e92346/element/00000000-0000-0d0f-0000-021000000003/click[39m
[35m[HTTP][39m [90m{"id":"00000000-0000-0d0f-0000-021000000003"}[39m
[35m[HTTP][39m [37m<-- POST /wd/hub/session/6d660a2c-5856-44cb-96f4-a2c535e92346/element/00000000-0000-0d0f-0000-021000000003/click [39m[32m200[39m [90m865 ms - 14[39m
[35m[HTTP][39m [90m[39m
[35m[HTTP][39m [37m-->[39m [37mPOST[39m [37m/wd/hub/session/6d660a2c-5856-44cb-96f4-a2c535e92346/timeouts[39m
[35m[HTTP][39m [90m{"implicit":50}[39m
[35m[HTTP][39m [37m<-- POST /wd/hub/session/6d660a2c-5856-44cb-96f4-a2c535e92346/timeouts [39m[32m200[39m [90m1 ms - 14[39m
[35m[HTTP][39m [90m[39m
[35m[HTTP][39m [37m-->[39m [37mGET[39m [37m/wd/hub/session/6d660a2c-5856-44cb-96f4-a2c535e92346/window/rect[39m
[35m[HTTP][39m [90m{}[39m
[35m[HTTP][39m [37m<-- GET /wd/hub/session/6d660a2c-5856-44cb-96f4-a2c535e92346/window/rect [39m[32m200[39m [90m16 ms - 50[39m
[35m[HTTP][39m [90m[39m
[35m[HTTP][39m [37m-->[39m [37mPOST[39m [37m/wd/hub/session/6d660a2c-5856-44cb-96f4-a2c535e92346/elements[39m
[35m[HTTP][39m [90m{"using":"xpath","value":"//hierarchy/android.widget.FrameLayout[1]/android.widget.LinearLayout[1]/android.widget.FrameLayout[1]/android.widget.FrameLayout[1]/android.view.View[1]/android.view.View[1]/android.view.View[1]/android.view.View[1]/android.view.View[1]/android.view.View[1]/android.widget.Button[1]"}[39m
[35m[HTTP][39m [37m<-- POST /wd/hub/session/6d660a2c-5856-44cb-96f4-a2c535e92346/elements [39m[32m200[39m [90m73 ms - 139[39m
[35m[HTTP][39m [90m[39m
[35m[HTTP][39m [37m-->[39m [37mGET[39m [37m/wd/hub/session/6d660a2c-5856-44cb-96f4-a2c535e92346/element/00000000-0000-0d0f-0000-021f00000003/location[39m
[35m[HTTP][39m [90m{}[39m
[35m[W3C (6d660a2c)][39m Driver proxy active, passing request on via HTTP proxy
[35m[WD Proxy][39m Replacing sessionId 9c659f7c-87ef-42a7-9bf0-d1fb9caeedbc with 6d660a2c-5856-44cb-96f4-a2c535e92346
[35m[HTTP][39m [37m<-- GET /wd/hub/session/6d660a2c-5856-44cb-96f4-a2c535e92346/element/00000000-0000-0d0f-0000-021f00000003/location [39m[32m200[39m [90m26 ms - 79[39m
[35m[HTTP][39m [90m[39m
[35m[HTTP][39m [37m-->[39m [37mPOST[39m [37m/wd/hub/session/6d660a2c-5856-44cb-96f4-a2c535e92346/timeouts[39m
[35m[HTTP][39m [90m{"implicit":30000}[39m
[35m[HTTP][39m [37m<-- POST /wd/hub/session/6d660a2c-5856-44cb-96f4-a2c535e92346/timeouts [39m[32m200[39m [90m1 ms - 14[39m
[35m[HTTP][39m [90m[39m
[35m[HTTP][39m [37m-->[39m [37mPOST[39m [37m/wd/hub/session/6d660a2c-5856-44cb-96f4-a2c535e92346/element/00000000-0000-0d0f-0000-021f00000003/click[39m
[35m[HTTP][39m [90m{"id":"00000000-0000-0d0f-0000-021f00000003"}[39m
[35m[HTTP][39m [37m<-- POST /wd/hub/session/6d660a2c-5856-44cb-96f4-a2c535e92346/element/00000000-0000-0d0f-0000-021f00000003/click [39m[32m200[39m [90m1375 ms - 14[39m
[35m[HTTP][39m [90m[39m
[35m[HTTP][39m [37m-->[39m [37mDELETE[39m [37m/wd/hub/session/6d660a2c-5856-44cb-96f4-a2c535e92346[39m
[35m[HTTP][39m [90m{}[39m
[35m[Appium][39m Removing session 6d660a2c-5856-44cb-96f4-a2c535e92346 from our master session list
[35m[UiAutomator2][39m Restoring hidden api policy to the device default configuration
[35m[HTTP][39m [37m<-- DELETE /wd/hub/session/6d660a2c-5856-44cb-96f4-a2c535e92346 [39m[32m200[39m [90m506 ms - 14[39m
[35m[HTTP][39m [90m[39m
